<?xml version="1.0" encoding="UTF-8"?>
<!-- Generated by org.testng.reporters.JUnitXMLReporter -->
<testsuite ignored="3" hostname="USBLRRAGHVR1" failures="0" tests="2" name="Car Loan" time="0.014" errors="0" timestamp="2023-02-19T09:54:37 IST">
  <testcase classname="Test.Demo3" name="APILoginCarLoan" time="0.001"/>
  <testcase classname="Test.Demo3" name="webLoginCarLoan" time="0.007"/>
  <testcase classname="Test.Demo3" name="mobileLoginCarLoan" time="0.0">
    <ignored/>
  </testcase> <!-- mobileLoginCarLoan -->
  <testcase classname="Test.Demo3" name="mobilesignoutCarLoan" time="0.0">
    <ignored/>
  </testcase> <!-- mobilesignoutCarLoan -->
  <testcase classname="Test.Demo3" name="mobileSigninCarLoan" time="0.0">
    <ignored/>
  </testcase> <!-- mobileSigninCarLoan -->
</testsuite> <!-- Car Loan -->
