<?xml version="1.0" encoding="UTF-8"?>
<!-- Generated by org.testng.reporters.JUnitXMLReporter -->
<testsuite ignored="0" hostname="USBLRRAGHVR1" failures="1" tests="8" name="Personal Loan" time="0.124" errors="0" timestamp="2023-02-19T09:54:37 IST">
  <testcase classname="Test.Demo" name="test_01" time="0.018">
    <failure type="java.lang.AssertionError" message="expected [true] but found [false]">
      <![CDATA[java.lang.AssertionError: expected [true] but found [false]
at Test.Demo.test_01(Demo.java:11)
at java.base/java.util.ArrayList.forEach(ArrayList.java:1511)
... Removed 31 stack frames]]>
    </failure>
  </testcase> <!-- test_01 -->
  <testcase classname="Test.Demo" name="test_02" time="0.001"/>
  <testcase classname="Test.Demo1" name="test_03" time="0.001"/>
  <testcase classname="Test.Demo2" name="mobileLoginHomeLoan" time="0.002"/>
  <testcase classname="Test.Demo2" name="mobileLoginHomeLoan" time="0.002"/>
  <testcase classname="Test.Demo2" name="mobileLoginHomeLoan" time="0.001"/>
  <testcase classname="Test.Demo2" name="webLoginHomeLoan" time="0.001"/>
  <testcase classname="Test.Demo2" name="APILoginHomeLoan" time="0.002"/>
</testsuite> <!-- Personal Loan -->
