<?xml version="1.0" encoding="UTF-8"?>
<!-- Generated by org.testng.reporters.JUnitXMLReporter -->
<testsuite ignored="0" hostname="USBLRRAGHVR1" failures="0" tests="11" name="Smoke Testing" time="0.126" errors="0" timestamp="2023-02-18T23:29:19 IST">
  <testcase classname="Test.Demo" name="test_01" time="0.009"/>
  <testcase classname="Test.Demo" name="test_02" time="0.002"/>
  <testcase classname="Test.Demo1" name="test_03" time="0.001"/>
  <testcase classname="Test.Demo2" name="APILoginHomeLoan" time="0.002"/>
  <testcase classname="Test.Demo2" name="mobileLoginHomeLoan" time="0.001"/>
  <testcase classname="Test.Demo2" name="webLoginHomeLoan" time="0.001"/>
  <testcase classname="Test.Demo3" name="APILoginCarLoan" time="0.002"/>
  <testcase classname="Test.Demo3" name="mobileLoginCarLoan" time="0.001"/>
  <testcase classname="Test.Demo3" name="mobileSigninCarLoan" time="0.002"/>
  <testcase classname="Test.Demo3" name="mobilesignoutCarLoan" time="0.001"/>
  <testcase classname="Test.Demo3" name="webLoginCarLoan" time="0.001"/>
</testsuite> <!-- Smoke Testing -->
